<?xml version="1.0" encoding="UTF-8"?>
<!-- Generated by org.testng.reporters.JUnitXMLReporter -->
<testsuite ignored="3" hostname="DESKTOP-H4BH8MQ" failures="1" tests="1" name="Test QA1: Home Page Vaidation" time="13.008" errors="0" timestamp="2024-09-24T19:47:21 IST">
  <testcase classname="testQA.validateHomePageFields" name="verifyElementCardLabel" time="0.089">
    <failure type="java.lang.AssertionError" message="expected [Element] but found [Elements]">
      <![CDATA[java.lang.AssertionError: expected [Element] but found [Elements]
at testQA.validateHomePageFields.verifyElementCardLabel(validateHomePageFields.java:72)
at java.base/java.util.ArrayList.forEach(ArrayList.java:1511)
... Removed 33 stack frames]]>
    </failure>
  </testcase> <!-- verifyElementCardLabel -->
  <testcase classname="testQA.validateHomePageFields" name="verifyElementcardIsDisplayed" time="0.0">
    <ignored/>
  </testcase> <!-- verifyElementcardIsDisplayed -->
  <testcase classname="testQA.validateHomePageFields" name="verifyElementcardIsEnabled" time="0.0">
    <ignored/>
  </testcase> <!-- verifyElementcardIsEnabled -->
  <testcase classname="testQA.validateHomePageFields" name="verifyHomePageUrl" time="0.0">
    <ignored/>
  </testcase> <!-- verifyHomePageUrl -->
</testsuite> <!-- Test QA1: Home Page Vaidation -->
